0 info it worked if it ends with ok
1 verbose cli [ '/usr/local/bin/node', '/usr/local/bin/npm', 'start' ]
2 info using npm@3.10.5
3 info using node@v4.4.7
4 verbose run-script [ 'prestart', 'start', 'poststart' ]
5 info lifecycle media-storm@0.0.1~prestart: media-storm@0.0.1
6 silly lifecycle media-storm@0.0.1~prestart: no script for prestart, continuing
7 info lifecycle media-storm@0.0.1~start: media-storm@0.0.1
8 verbose lifecycle media-storm@0.0.1~start: unsafe-perm in lifecycle true
9 verbose lifecycle media-storm@0.0.1~start: PATH: /usr/local/lib/node_modules/npm/bin/node-gyp-bin:/Users/danielwild/git-local/media-storm/node_modules/.bin:/usr/local/bin:/Users/danielwild/Dev/maven/bin:/usr/local/bin:/usr/bin:/bin:/usr/sbin:/sbin:/usr/local/git/bin:/usr/local/munki
10 verbose lifecycle media-storm@0.0.1~start: CWD: /Users/danielwild/git-local/media-storm
11 silly lifecycle media-storm@0.0.1~start: Args: [ '-c', 'meteor --settings settings.json' ]
12 silly lifecycle media-storm@0.0.1~start: Returned: code: 1  signal: null
13 info lifecycle media-storm@0.0.1~start: Failed to exec start script
14 verbose stack Error: media-storm@0.0.1 start: `meteor --settings settings.json`
14 verbose stack Exit status 1
14 verbose stack     at EventEmitter.<anonymous> (/usr/local/lib/node_modules/npm/lib/utils/lifecycle.js:242:16)
14 verbose stack     at emitTwo (events.js:87:13)
14 verbose stack     at EventEmitter.emit (events.js:172:7)
14 verbose stack     at ChildProcess.<anonymous> (/usr/local/lib/node_modules/npm/lib/utils/spawn.js:40:14)
14 verbose stack     at emitTwo (events.js:87:13)
14 verbose stack     at ChildProcess.emit (events.js:172:7)
14 verbose stack     at maybeClose (internal/child_process.js:827:16)
14 verbose stack     at Process.ChildProcess._handle.onexit (internal/child_process.js:211:5)
15 verbose pkgid media-storm@0.0.1
16 verbose cwd /Users/danielwild/git-local/media-storm
17 error Darwin 15.6.0
18 error argv "/usr/local/bin/node" "/usr/local/bin/npm" "start"
19 error node v4.4.7
20 error npm  v3.10.5
21 error code ELIFECYCLE
22 error media-storm@0.0.1 start: `meteor --settings settings.json`
22 error Exit status 1
23 error Failed at the media-storm@0.0.1 start script 'meteor --settings settings.json'.
23 error Make sure you have the latest version of node.js and npm installed.
23 error If you do, this is most likely a problem with the media-storm package,
23 error not with npm itself.
23 error Tell the author that this fails on your system:
23 error     meteor --settings settings.json
23 error You can get information on how to open an issue for this project with:
23 error     npm bugs media-storm
23 error Or if that isn't available, you can get their info via:
23 error     npm owner ls media-storm
23 error There is likely additional logging output above.
24 verbose exit [ 1, true ]
